
> split-seconds-mobile-qa@0.53.0 serve
> vite --host 0.0.0.0 --host 127.0.0.1 --port 5173


  [32m[1mVITE[22m v5.4.21[39m  [2mready in [0m[1m244[22m[2m[0m ms[22m

  [32m➜[39m  [1mLocal[22m:   [36mhttp://127.0.0.1:[1m5173[22m/[39m
[2m13:34:38[22m [36m[1m[vite][22m[39m [32mpage reload [39m[2mgame.js[22m
[2m13:35:25[22m [36m[1m[vite][22m[39m [32mhmr update [39m[2m/style.css?direct[22m
[2m13:40:34[22m [36m[1m[vite][22m[39m [32mpage reload [39m[2mgame.js[22m
[2m14:21:16[22m [36m[1m[vite][22m[39m [32mhmr update [39m[2m/style.css?direct[22m
[2m14:23:00[22m [36m[1m[vite][22m[39m [32mpage reload [39m[2mgame.js[22m
[2m14:26:56[22m [36m[1m[vite][22m[39m [32mpage reload [39m[2mgame.js[22m
[2m14:29:31[22m [36m[1m[vite][22m[39m [32mpage reload [39m[2mgame.js[22m
[2m14:36:15[22m [36m[1m[vite][22m[39m [32mpage reload [39m[2mgame.js[22m
[2m14:39:25[22m [36m[1m[vite][22m[39m [32mpage reload [39m[2mgame.js[22m
[2m15:05:17[22m [36m[1m[vite][22m[39m [32mpage reload [39m[2mgame.js[22m
[2m15:07:01[22m [36m[1m[vite][22m[39m [32mpage reload [39m[2mgame.js[22m
[2m16:02:42[22m [36m[1m[vite][22m[39m [32mpage reload [39m[2mgame.js[22m
[2m16:05:13[22m [36m[1m[vite][22m[39m [32mpage reload [39m[2mgame.js[22m
[2m16:07:10[22m [36m[1m[vite][22m[39m [32mpage reload [39m[2mgame.js[22m
[2m16:09:04[22m [36m[1m[vite][22m[39m [32mpage reload [39m[2mgame.js[22m
[2m17:07:10[22m [36m[1m[vite][22m[39m [32mpage reload [39m[2mgame.js[22m
[2m17:08:12[22m [36m[1m[vite][22m[39m [32mpage reload [39m[2mgame.js[22m
[2m17:10:58[22m [36m[1m[vite][22m[39m [32mpage reload [39m[2mgame.js[22m
[2m17:12:10[22m [36m[1m[vite][22m[39m [32mpage reload [39m[2mgame.js[22m
[2m17:18:49[22m [36m[1m[vite][22m[39m [32mpage reload [39m[2mgame.js[22m
[2m17:20:40[22m [36m[1m[vite][22m[39m [32mpage reload [39m[2mgame.js[22m
[2m17:46:33[22m [36m[1m[vite][22m[39m [32mpage reload [39m[2mgame.js[22m
[2m17:48:09[22m [36m[1m[vite][22m[39m [32mpage reload [39m[2mgame.js[22m
[2m17:50:49[22m [36m[1m[vite][22m[39m [32mpage reload [39m[2mgame.js[22m
[2m18:37:41[22m [36m[1m[vite][22m[39m [32mpage reload [39m[2mgame.js[22m
[2m20:21:05[22m [36m[1m[vite][22m[39m [32mpage reload [39m[2mgame.js[22m
[2m20:28:20[22m [36m[1m[vite][22m[39m [32mpage reload [39m[2mgame.js[22m
[2m21:04:20[22m [36m[1m[vite][22m[39m [32mpage reload [39m[2mgame.js[22m
[2m21:07:26[22m [36m[1m[vite][22m[39m [32mpage reload [39m[2mgame.js[22m
[2m21:12:00[22m [36m[1m[vite][22m[39m [32mpage reload [39m[2mgame.js[22m
[2m21:18:28[22m [36m[1m[vite][22m[39m [32mpage reload [39m[2mandroid/app/src/main/assets/public/index.html[22m
[2m21:19:14[22m [36m[1m[vite][22m[39m [32mpage reload [39m[2mandroid/app/build/intermediates/assets/debug/mergeDebugAssets/public/index.html[22m
[2m22:29:04[22m [36m[1m[vite][22m[39m [32mpage reload [39m[2mgame.js[22m
[2m23:02:00[22m [36m[1m[vite][22m[39m [32mpage reload [39m[2mgame.js[22m
[2m23:06:45[22m [36m[1m[vite][22m[39m [32mpage reload [39m[2mindex.html[22m
[2m23:14:48[22m [36m[1m[vite][22m[39m [32mpage reload [39m[2mgame.js[22m
[2m23:15:38[22m [36m[1m[vite][22m[39m [32mpage reload [39m[2mindex.html[22m
[2m23:20:18[22m [36m[1m[vite][22m[39m [32mpage reload [39m[2mgame.js[22m
[2m23:24:57[22m [36m[1m[vite][22m[39m [32mpage reload [39m[2mindex.html[22m
[2m23:39:11[22m [36m[1m[vite][22m[39m [32mpage reload [39m[2mindex.html[22m
[2m23:39:11[22m [36m[1m[vite][22m[39m [32mpage reload [39m[2mgame.js[22m
[2m23:45:43[22m [36m[1m[vite][22m[39m [32mpage reload [39m[2mindex.html[22m
[2m23:45:43[22m [36m[1m[vite][22m[39m [32mpage reload [39m[2mgame.js[22m
[2m23:47:44[22m [36m[1m[vite][22m[39m [32mpage reload [39m[2mgame.js[22m
[2m23:49:22[22m [36m[1m[vite][22m[39m [32mpage reload [39m[2mgame.js[22m
[2m23:55:46[22m [36m[1m[vite][22m[39m [32mpage reload [39m[2mindex.html[22m
[2m0:02:20[22m [36m[1m[vite][22m[39m [32mpage reload [39m[2mindex.html[22m
[2m0:02:20[22m [36m[1m[vite][22m[39m [32mpage reload [39m[2mgame.js[22m
[2m0:05:52[22m [36m[1m[vite][22m[39m [32mpage reload [39m[2mindex.html[22m
[2m0:05:52[22m [36m[1m[vite][22m[39m [32mpage reload [39m[2mgame.js[22m
[2m0:09:10[22m [36m[1m[vite][22m[39m [32mpage reload [39m[2mindex.html[22m
[2m0:09:10[22m [36m[1m[vite][22m[39m [32mpage reload [39m[2mgame.js[22m
[2m1:22:04[22m [36m[1m[vite][22m[39m [32mpage reload [39m[2mgame.js[22m
[2m1:22:04[22m [36m[1m[vite][22m[39m [32mpage reload [39m[2mindex.html[22m
[2m1:33:23[22m [36m[1m[vite][22m[39m [32mpage reload [39m[2mandroid/app/src/main/assets/public/index.html[22m
[2m1:34:31[22m [36m[1m[vite][22m[39m [32mpage reload [39m[2mandroid/app/build/intermediates/assets/debug/mergeDebugAssets/public/index.html[22m
[2m1:46:33[22m [36m[1m[vite][22m[39m [32mpage reload [39m[2mgame.js[22m
[2m1:46:33[22m [36m[1m[vite][22m[39m [32mpage reload [39m[2mindex.html[22m
[2m1:56:55[22m [36m[1m[vite][22m[39m [32mhmr update [39m[2m/style.css?direct[22m
[2m1:56:55[22m [36m[1m[vite][22m[39m [32mpage reload [39m[2mindex.html[22m
[2m9:43:52[22m [36m[1m[vite][22m[39m [32mpage reload [39m[2mandroid/app/src/main/assets/public/index.html[22m
[2m9:45:23[22m [36m[1m[vite][22m[39m [32mpage reload [39m[2mandroid/app/build/intermediates/assets/debug/mergeDebugAssets/public/index.html[22m
[2m9:59:45[22m [36m[1m[vite][22m[39m [32mpage reload [39m[2mgame.js[22m
[2m10:02:26[22m [36m[1m[vite][22m[39m [32mpage reload [39m[2mgame.js[22m
[2m10:03:05[22m [36m[1m[vite][22m[39m [32mpage reload [39m[2mindex.html[22m
[2m10:15:08[22m [36m[1m[vite][22m[39m [32mpage reload [39m[2mgame.js[22m
[2m10:16:05[22m [36m[1m[vite][22m[39m [32mpage reload [39m[2mindex.html[22m
[2m10:35:26[22m [36m[1m[vite][22m[39m [32mpage reload [39m[2mgame.js[22m
[2m10:36:14[22m [36m[1m[vite][22m[39m [32mpage reload [39m[2mindex.html[22m
[2m10:45:30[22m [36m[1m[vite][22m[39m [32mpage reload [39m[2mandroid/app/src/main/assets/public/index.html[22m
[2m10:46:22[22m [36m[1m[vite][22m[39m [32mpage reload [39m[2mandroid/app/build/intermediates/assets/debug/mergeDebugAssets/public/index.html[22m
[2m17:11:07[22m [36m[1m[vite][22m[39m [32mpage reload [39m[2mgame.js[22m
[2m17:23:08[22m [36m[1m[vite][22m[39m [32mpage reload [39m[2mgame.js[22m
[2m17:26:07[22m [36m[1m[vite][22m[39m [32mpage reload [39m[2mgame.js[22m
[2m17:33:03[22m [36m[1m[vite][22m[39m [32mpage reload [39m[2mgame.js[22m
[2m17:36:50[22m [36m[1m[vite][22m[39m [32mpage reload [39m[2mindex.html[22m
[2m17:42:14[22m [36m[1m[vite][22m[39m [32mpage reload [39m[2mandroid/app/src/main/assets/public/index.html[22m
[2m17:43:30[22m [36m[1m[vite][22m[39m [32mpage reload [39m[2mandroid/app/build/intermediates/assets/debug/mergeDebugAssets/public/index.html[22m
[2m19:36:43[22m [36m[1m[vite][22m[39m [32mpage reload [39m[2mgame.js[22m
[2m19:37:49[22m [36m[1m[vite][22m[39m [32mhmr update [39m[2m/style.css?direct[22m
[2m19:38:35[22m [36m[1m[vite][22m[39m [32mpage reload [39m[2mindex.html[22m
[2m19:49:17[22m [36m[1m[vite][22m[39m [32mpage reload [39m[2mgame.js[22m
[2m19:52:06[22m [36m[1m[vite][22m[39m [32mpage reload [39m[2mgame.js[22m
[2m19:57:09[22m [36m[1m[vite][22m[39m [32mpage reload [39m[2mindex.html[22m
[2m19:57:52[22m [36m[1m[vite][22m[39m [32mpage reload [39m[2mgame.js[22m
[2m20:00:20[22m [36m[1m[vite][22m[39m [32mpage reload [39m[2mindex.html[22m
[2m20:15:26[22m [36m[1m[vite][22m[39m [32mpage reload [39m[2mgame.js[22m
[2m20:17:09[22m [36m[1m[vite][22m[39m [32mpage reload [39m[2mgame.js[22m
[2m20:18:56[22m [36m[1m[vite][22m[39m [32mpage reload [39m[2mgame.js[22m
[2m20:20:21[22m [36m[1m[vite][22m[39m [32mpage reload [39m[2mindex.html[22m
[2m20:23:44[22m [36m[1m[vite][22m[39m [32mpage reload [39m[2mandroid/app/src/main/assets/public/index.html[22m
[2m20:24:35[22m [36m[1m[vite][22m[39m [32mpage reload [39m[2mandroid/app/build/intermediates/assets/debug/mergeDebugAssets/public/index.html[22m
